[1/23/12 8:05 PM]: Starting Project Endeavor Beta (Open-Source) - Based on RuneSource on localhost/127.0.0.1:43594...
[1/23/12 8:05 PM]: Loading packets...
[1/23/12 8:05 PM]: Loaded 51 packets.
[1/23/12 8:05 PM]: Loading item definitions...
[1/23/12 8:05 PM]: Loading 11791 item definitions.
[1/23/12 8:05 PM]: Loading equipment definitions...
[1/23/12 8:05 PM]: Loaded 943 equipment definitions
[1/23/12 8:05 PM]: Loading npc definitions...
[1/23/12 8:05 PM]: Loaded 27 npc definitions.
[1/23/12 8:05 PM]: Loading npc spawns...
[1/23/12 8:05 PM]: Loaded 26 npc spawns
[1/23/12 8:05 PM]: Loading shops...
[1/23/12 8:05 PM]: Loaded  11 shop definitions.
[1/23/12 8:05 PM]: Loading global objects...
[1/23/12 8:05 PM]: Loaded 1 objects.
[1/23/12 8:05 PM]: Loading spell definitions...
[1/23/12 8:05 PM]: Loaded 32 spell definitions.
[1/23/12 8:05 PM]: Loading bow definitions...
[1/23/12 8:05 PM]: Loaded 17 bow definitions.
[1/23/12 8:05 PM]: Loading food definitions...
[1/23/12 8:05 PM]: Loaded 21 food definitions.
[1/23/12 8:05 PM]: Loading potion definitions...
[1/23/12 8:05 PM]: Loaded 21 potion definitions.
[1/23/12 8:05 PM]: Loading item bonuses...
[1/23/12 8:05 PM]: Loaded 489 bonus definitions.
[1/23/12 8:05 PM]: Loading plugins..
[1/23/12 8:05 PM]: Loading object definitions...
[1/23/12 8:05 PM]: Loaded object definitions.
[1/23/12 8:05 PM]: Loading cache regions...
[1/23/12 8:05 PM]: Loaded cache regions.
[1/23/12 8:05 PM]: Online!
